# JRE version: Java(TM) SE Runtime Environment (8.0_65-b17) (build 1.8.0_65-b17)
# Java VM: Java HotSpot(TM) 64-Bit Server VM (25.65-b01 mixed mode windows-amd64 compressed oops)
Heap:
 PSYoungGen      total 111104K, used 33467K [0x0000000742000000, 0x0000000749880000, 0x00000007c0000000)
  eden space 102912K, 24% used [0x0000000742000000,0x00000007438b5988,0x0000000748480000)
  from space 8192K, 99% used [0x0000000749080000,0x0000000749879508,0x0000000749880000)
  to   space 10240K, 0% used [0x0000000748480000,0x0000000748480000,0x0000000748e80000)
 ParOldGen       total 64000K, used 25860K [0x0000000646000000, 0x0000000649e80000, 0x0000000742000000)
  object space 64000K, 40% used [0x0000000646000000,0x0000000647941058,0x0000000649e80000)
 Metaspace       used 42878K, capacity 43774K, committed 43904K, reserved 1087488K
  class space    used 5977K, capacity 6185K, committed 6272K, reserved 1048576K
GC Heap History (10 events):
Event: 2.773 GC heap before
{Heap before GC invocations=6 (full 1):
 PSYoungGen      total 71680K, used 66560K [0x0000000742000000, 0x0000000746b00000, 0x00000007c0000000)
  eden space 66560K, 100% used [0x0000000742000000,0x0000000746100000,0x0000000746100000)
  from space 5120K, 0% used [0x0000000746600000,0x0000000746600000,0x0000000746b00000)
  to   space 5120K, 0% used [0x0000000746100000,0x0000000746100000,0x0000000746600000)
 ParOldGen       total 64000K, used 11068K [0x0000000646000000, 0x0000000649e80000, 0x0000000742000000)
  object space 64000K, 17% used [0x0000000646000000,0x0000000646acf358,0x0000000649e80000)
 Metaspace       used 26533K, capacity 26980K, committed 27136K, reserved 1073152K
  class space    used 3624K, capacity 3736K, committed 3840K, reserved 1048576K
Event: 2.796 GC heap after
Heap after GC invocations=6 (full 1):
 PSYoungGen      total 71680K, used 5103K [0x0000000742000000, 0x0000000749b00000, 0x00000007c0000000)
  eden space 66560K, 0% used [0x0000000742000000,0x0000000742000000,0x0000000746100000)
  from space 5120K, 99% used [0x0000000746100000,0x00000007465fbc90,0x0000000746600000)
  to   space 10752K, 0% used [0x0000000749080000,0x0000000749080000,0x0000000749b00000)
 ParOldGen       total 64000K, used 12314K [0x0000000646000000, 0x0000000649e80000, 0x0000000742000000)
  object space 64000K, 19% used [0x0000000646000000,0x0000000646c06bd0,0x0000000649e80000)
 Metaspace       used 26533K, capacity 26980K, committed 27136K, reserved 1073152K
  class space    used 3624K, capacity 3736K, committed 3840K, reserved 1048576K
}
Event: 3.824 GC heap before
{Heap before GC invocations=7 (full 1):
 PSYoungGen      total 71680K, used 71663K [0x0000000742000000, 0x0000000749b00000, 0x00000007c0000000)
  eden space 66560K, 100% used [0x0000000742000000,0x0000000746100000,0x0000000746100000)
  from space 5120K, 99% used [0x0000000746100000,0x00000007465fbc90,0x0000000746600000)
  to   space 10752K, 0% used [0x0000000749080000,0x0000000749080000,0x0000000749b00000)
 ParOldGen       total 64000K, used 12314K [0x0000000646000000, 0x0000000649e80000, 0x0000000742000000)
  object space 64000K, 19% used [0x0000000646000000,0x0000000646c06bd0,0x0000000649e80000)
 Metaspace       used 29329K, capacity 29816K, committed 30080K, reserved 1075200K
  class space    used 3985K, capacity 4108K, committed 4224K, reserved 1048576K
Event: 3.843 GC heap after
Heap after GC invocations=7 (full 1):
 PSYoungGen      total 111104K, used 6791K [0x0000000742000000, 0x0000000749880000, 0x00000007c0000000)
  eden space 102912K, 0% used [0x0000000742000000,0x0000000742000000,0x0000000748480000)
  from space 8192K, 82% used [0x0000000749080000,0x0000000749721c90,0x0000000749880000)
  to   space 10240K, 0% used [0x0000000748480000,0x0000000748480000,0x0000000748e80000)
 ParOldGen       total 64000K, used 12386K [0x0000000646000000, 0x0000000649e80000, 0x0000000742000000)
  object space 64000K, 19% used [0x0000000646000000,0x0000000646c18be0,0x0000000649e80000)
 Metaspace       used 29329K, capacity 29816K, committed 30080K, reserved 1075200K
  class space    used 3985K, capacity 4108K, committed 4224K, reserved 1048576K
}
Event: 4.576 GC heap before
{Heap before GC invocations=8 (full 1):
 PSYoungGen      total 111104K, used 107790K [0x0000000742000000, 0x0000000749880000, 0x00000007c0000000)
  eden space 102912K, 98% used [0x0000000742000000,0x00000007482a1ee0,0x0000000748480000)
  from space 8192K, 82% used [0x0000000749080000,0x0000000749721c90,0x0000000749880000)
  to   space 10240K, 0% used [0x0000000748480000,0x0000000748480000,0x0000000748e80000)
 ParOldGen       total 64000K, used 12386K [0x0000000646000000, 0x0000000649e80000, 0x0000000742000000)
  object space 64000K, 19% used [0x0000000646000000,0x0000000646c18be0,0x0000000649e80000)
 Metaspace       used 34560K, capacity 35268K, committed 35456K, reserved 1079296K
  class space    used 4701K, capacity 4896K, committed 4992K, reserved 1048576K
Event: 4.590 GC heap after
Heap after GC invocations=8 (full 1):
 PSYoungGen      total 113152K, used 10214K [0x0000000742000000, 0x0000000749880000, 0x00000007c0000000)
  eden space 102912K, 0% used [0x0000000742000000,0x0000000742000000,0x0000000748480000)
  from space 10240K, 99% used [0x0000000748480000,0x0000000748e79ab8,0x0000000748e80000)
  to   space 8192K, 0% used [0x0000000749080000,0x0000000749080000,0x0000000749880000)
 ParOldGen       total 64000K, used 16386K [0x0000000646000000, 0x0000000649e80000, 0x0000000742000000)
  object space 64000K, 25% used [0x0000000646000000,0x0000000647000bf8,0x0000000649e80000)
 Metaspace       used 34560K, capacity 35268K, committed 35456K, reserved 1079296K
  class space    used 4701K, capacity 4896K, committed 4992K, reserved 1048576K
}
Event: 4.590 GC heap before
{Heap before GC invocations=9 (full 2):
 PSYoungGen      total 113152K, used 10214K [0x0000000742000000, 0x0000000749880000, 0x00000007c0000000)
  eden space 102912K, 0% used [0x0000000742000000,0x0000000742000000,0x0000000748480000)
  from space 10240K, 99% used [0x0000000748480000,0x0000000748e79ab8,0x0000000748e80000)
  to   space 8192K, 0% used [0x0000000749080000,0x0000000749080000,0x0000000749880000)
 ParOldGen       total 64000K, used 16386K [0x0000000646000000, 0x0000000649e80000, 0x0000000742000000)
  object space 64000K, 25% used [0x0000000646000000,0x0000000647000bf8,0x0000000649e80000)
 Metaspace       used 34560K, capacity 35268K, committed 35456K, reserved 1079296K
  class space    used 4701K, capacity 4896K, committed 4992K, reserved 1048576K
Event: 4.683 GC heap after
Heap after GC invocations=9 (full 2):
 PSYoungGen      total 113152K, used 0K [0x0000000742000000, 0x0000000749880000, 0x00000007c0000000)
  eden space 102912K, 0% used [0x0000000742000000,0x0000000742000000,0x0000000748480000)
  from space 10240K, 0% used [0x0000000748480000,0x0000000748480000,0x0000000748e80000)
  to   space 8192K, 0% used [0x0000000749080000,0x0000000749080000,0x0000000749880000)
 ParOldGen       total 64000K, used 21736K [0x0000000646000000, 0x0000000649e80000, 0x0000000742000000)
  object space 64000K, 33% used [0x0000000646000000,0x000000064753a0f0,0x0000000649e80000)
 Metaspace       used 34560K, capacity 35268K, committed 35456K, reserved 1079296K
  class space    used 4701K, capacity 4896K, committed 4992K, reserved 1048576K
}
Event: 6.067 GC heap before
{Heap before GC invocations=10 (full 2):
 PSYoungGen      total 113152K, used 102912K [0x0000000742000000, 0x0000000749880000, 0x00000007c0000000)
  eden space 102912K, 100% used [0x0000000742000000,0x0000000748480000,0x0000000748480000)
  from space 10240K, 0% used [0x0000000748480000,0x0000000748480000,0x0000000748e80000)
  to   space 8192K, 0% used [0x0000000749080000,0x0000000749080000,0x0000000749880000)
 ParOldGen       total 64000K, used 21736K [0x0000000646000000, 0x0000000649e80000, 0x0000000742000000)
  object space 64000K, 33% used [0x0000000646000000,0x000000064753a0f0,0x0000000649e80000)
 Metaspace       used 41355K, capacity 42286K, committed 42368K, reserved 1085440K
  class space    used 5729K, capacity 5943K, committed 6016K, reserved 1048576K
Event: 6.079 GC heap after
Heap after GC invocations=10 (full 2):
 PSYoungGen      total 111104K, used 8165K [0x0000000742000000, 0x0000000749880000, 0x00000007c0000000)
  eden space 102912K, 0% used [0x0000000742000000,0x0000000742000000,0x0000000748480000)
  from space 8192K, 99% used [0x0000000749080000,0x0000000749879508,0x0000000749880000)
  to   space 10240K, 0% used [0x0000000748480000,0x0000000748480000,0x0000000748e80000)
 ParOldGen       total 64000K, used 25860K [0x0000000646000000, 0x0000000649e80000, 0x0000000742000000)
  object space 64000K, 40% used [0x0000000646000000,0x0000000647941058,0x0000000649e80000)
 Metaspace       used 41355K, capacity 42286K, committed 42368K, reserved 1085440K
  class space    used 5729K, capacity 5943K, committed 6016K, reserved 1048576K
}

