# JRE version: Java(TM) SE Runtime Environment (8.0_65-b17) (build 1.8.0_65-b17)
# Java VM: Java HotSpot(TM) 64-Bit Server VM (25.65-b01 mixed mode windows-amd64 compressed oops)
Heap:
 PSYoungGen      total 107008K, used 32303K [0x0000000756d80000, 0x000000075ee00000, 0x00000007c0000000)
  eden space 94720K, 21% used [0x0000000756d80000,0x00000007581ceb38,0x000000075ca00000)
  from space 12288K, 93% used [0x000000075d780000,0x000000075e2bd440,0x000000075e380000)
  to   space 13824K, 0% used [0x000000075ca00000,0x000000075ca00000,0x000000075d780000)
 ParOldGen       total 72704K, used 15439K [0x0000000684800000, 0x0000000688f00000, 0x0000000756d80000)
  object space 72704K, 21% used [0x0000000684800000,0x0000000685713ee8,0x0000000688f00000)
 Metaspace       used 33121K, capacity 33802K, committed 34176K, reserved 1079296K
  class space    used 4466K, capacity 4641K, committed 4736K, reserved 1048576K
GC Heap History (10 events):
Event: 1.885 GC heap before
{Heap before GC invocations=3 (full 0):
 PSYoungGen      total 71680K, used 69776K [0x0000000756d80000, 0x000000075b880000, 0x00000007c0000000)
  eden space 66560K, 97% used [0x0000000756d80000,0x000000075acaac70,0x000000075ae80000)
  from space 5120K, 99% used [0x000000075b380000,0x000000075b879568,0x000000075b880000)
  to   space 5120K, 0% used [0x000000075ae80000,0x000000075ae80000,0x000000075b380000)
 ParOldGen       total 87552K, used 1607K [0x0000000684800000, 0x0000000689d80000, 0x0000000756d80000)
  object space 87552K, 1% used [0x0000000684800000,0x0000000684991d78,0x0000000689d80000)
 Metaspace       used 20779K, capacity 21168K, committed 21296K, reserved 1067008K
  class space    used 2803K, capacity 2914K, committed 2944K, reserved 1048576K
Event: 1.896 GC heap after
Heap after GC invocations=3 (full 0):
 PSYoungGen      total 71680K, used 5104K [0x0000000756d80000, 0x000000075b880000, 0x00000007c0000000)
  eden space 66560K, 0% used [0x0000000756d80000,0x0000000756d80000,0x000000075ae80000)
  from space 5120K, 99% used [0x000000075ae80000,0x000000075b37c030,0x000000075b380000)
  to   space 5120K, 0% used [0x000000075b380000,0x000000075b380000,0x000000075b880000)
 ParOldGen       total 87552K, used 9208K [0x0000000684800000, 0x0000000689d80000, 0x0000000756d80000)
  object space 87552K, 10% used [0x0000000684800000,0x00000006850fe038,0x0000000689d80000)
 Metaspace       used 20779K, capacity 21168K, committed 21296K, reserved 1067008K
  class space    used 2803K, capacity 2914K, committed 2944K, reserved 1048576K
}
Event: 1.896 GC heap before
{Heap before GC invocations=4 (full 1):
 PSYoungGen      total 71680K, used 5104K [0x0000000756d80000, 0x000000075b880000, 0x00000007c0000000)
  eden space 66560K, 0% used [0x0000000756d80000,0x0000000756d80000,0x000000075ae80000)
  from space 5120K, 99% used [0x000000075ae80000,0x000000075b37c030,0x000000075b380000)
  to   space 5120K, 0% used [0x000000075b380000,0x000000075b380000,0x000000075b880000)
 ParOldGen       total 87552K, used 9208K [0x0000000684800000, 0x0000000689d80000, 0x0000000756d80000)
  object space 87552K, 10% used [0x0000000684800000,0x00000006850fe038,0x0000000689d80000)
 Metaspace       used 20779K, capacity 21168K, committed 21296K, reserved 1067008K
  class space    used 2803K, capacity 2914K, committed 2944K, reserved 1048576K
Event: 1.936 GC heap after
Heap after GC invocations=4 (full 1):
 PSYoungGen      total 71680K, used 0K [0x0000000756d80000, 0x000000075b880000, 0x00000007c0000000)
  eden space 66560K, 0% used [0x0000000756d80000,0x0000000756d80000,0x000000075ae80000)
  from space 5120K, 0% used [0x000000075ae80000,0x000000075ae80000,0x000000075b380000)
  to   space 5120K, 0% used [0x000000075b380000,0x000000075b380000,0x000000075b880000)
 ParOldGen       total 72704K, used 12274K [0x0000000684800000, 0x0000000688f00000, 0x0000000756d80000)
  object space 72704K, 16% used [0x0000000684800000,0x00000006853fca98,0x0000000688f00000)
 Metaspace       used 20779K, capacity 21168K, committed 21296K, reserved 1067008K
  class space    used 2803K, capacity 2914K, committed 2944K, reserved 1048576K
}
Event: 2.813 GC heap before
{Heap before GC invocations=5 (full 1):
 PSYoungGen      total 71680K, used 66560K [0x0000000756d80000, 0x000000075b880000, 0x00000007c0000000)
  eden space 66560K, 100% used [0x0000000756d80000,0x000000075ae80000,0x000000075ae80000)
  from space 5120K, 0% used [0x000000075ae80000,0x000000075ae80000,0x000000075b380000)
  to   space 5120K, 0% used [0x000000075b380000,0x000000075b380000,0x000000075b880000)
 ParOldGen       total 72704K, used 12274K [0x0000000684800000, 0x0000000688f00000, 0x0000000756d80000)
  object space 72704K, 16% used [0x0000000684800000,0x00000006853fca98,0x0000000688f00000)
 Metaspace       used 26524K, capacity 27018K, committed 27392K, reserved 1073152K
  class space    used 3629K, capacity 3769K, committed 3840K, reserved 1048576K
Event: 2.817 GC heap after
Heap after GC invocations=5 (full 1):
 PSYoungGen      total 71680K, used 5099K [0x0000000756d80000, 0x000000075d280000, 0x00000007c0000000)
  eden space 66560K, 0% used [0x0000000756d80000,0x0000000756d80000,0x000000075ae80000)
  from space 5120K, 99% used [0x000000075b380000,0x000000075b87af88,0x000000075b880000)
  to   space 5120K, 0% used [0x000000075ae80000,0x000000075ae80000,0x000000075b380000)
 ParOldGen       total 72704K, used 13666K [0x0000000684800000, 0x0000000688f00000, 0x0000000756d80000)
  object space 72704K, 18% used [0x0000000684800000,0x0000000685558b58,0x0000000688f00000)
 Metaspace       used 26524K, capacity 27018K, committed 27392K, reserved 1073152K
  class space    used 3629K, capacity 3769K, committed 3840K, reserved 1048576K
}
Event: 3.870 GC heap before
{Heap before GC invocations=6 (full 1):
 PSYoungGen      total 71680K, used 71659K [0x0000000756d80000, 0x000000075d280000, 0x00000007c0000000)
  eden space 66560K, 100% used [0x0000000756d80000,0x000000075ae80000,0x000000075ae80000)
  from space 5120K, 99% used [0x000000075b380000,0x000000075b87af88,0x000000075b880000)
  to   space 5120K, 0% used [0x000000075ae80000,0x000000075ae80000,0x000000075b380000)
 ParOldGen       total 72704K, used 13666K [0x0000000684800000, 0x0000000688f00000, 0x0000000756d80000)
  object space 72704K, 18% used [0x0000000684800000,0x0000000685558b58,0x0000000688f00000)
 Metaspace       used 29302K, capacity 29822K, committed 30080K, reserved 1075200K
  class space    used 3986K, capacity 4109K, committed 4224K, reserved 1048576K
Event: 3.897 GC heap after
Heap after GC invocations=6 (full 1):
 PSYoungGen      total 71680K, used 5109K [0x0000000756d80000, 0x000000075e380000, 0x00000007c0000000)
  eden space 66560K, 0% used [0x0000000756d80000,0x0000000756d80000,0x000000075ae80000)
  from space 5120K, 99% used [0x000000075ae80000,0x000000075b37d7e8,0x000000075b380000)
  to   space 12288K, 0% used [0x000000075d780000,0x000000075d780000,0x000000075e380000)
 ParOldGen       total 72704K, used 15439K [0x0000000684800000, 0x0000000688f00000, 0x0000000756d80000)
  object space 72704K, 21% used [0x0000000684800000,0x0000000685713ee8,0x0000000688f00000)
 Metaspace       used 29302K, capacity 29822K, committed 30080K, reserved 1075200K
  class space    used 3986K, capacity 4109K, committed 4224K, reserved 1048576K
}
Event: 4.403 GC heap before
{Heap before GC invocations=7 (full 1):
 PSYoungGen      total 71680K, used 71669K [0x0000000756d80000, 0x000000075e380000, 0x00000007c0000000)
  eden space 66560K, 100% used [0x0000000756d80000,0x000000075ae80000,0x000000075ae80000)
  from space 5120K, 99% used [0x000000075ae80000,0x000000075b37d7e8,0x000000075b380000)
  to   space 12288K, 0% used [0x000000075d780000,0x000000075d780000,0x000000075e380000)
 ParOldGen       total 72704K, used 15439K [0x0000000684800000, 0x0000000688f00000, 0x0000000756d80000)
  object space 72704K, 21% used [0x0000000684800000,0x0000000685713ee8,0x0000000688f00000)
 Metaspace       used 32669K, capacity 33266K, committed 33536K, reserved 1079296K
  class space    used 4404K, capacity 4570K, committed 4608K, reserved 1048576K
Event: 4.434 GC heap after
Heap after GC invocations=7 (full 1):
 PSYoungGen      total 107008K, used 11509K [0x0000000756d80000, 0x000000075ee00000, 0x00000007c0000000)
  eden space 94720K, 0% used [0x0000000756d80000,0x0000000756d80000,0x000000075ca00000)
  from space 12288K, 93% used [0x000000075d780000,0x000000075e2bd440,0x000000075e380000)
  to   space 13824K, 0% used [0x000000075ca00000,0x000000075ca00000,0x000000075d780000)
 ParOldGen       total 72704K, used 15439K [0x0000000684800000, 0x0000000688f00000, 0x0000000756d80000)
  object space 72704K, 21% used [0x0000000684800000,0x0000000685713ee8,0x0000000688f00000)
 Metaspace       used 32669K, capacity 33266K, committed 33536K, reserved 1079296K
  class space    used 4404K, capacity 4570K, committed 4608K, reserved 1048576K
}

