# JRE version: Java(TM) SE Runtime Environment (8.0_65-b17) (build 1.8.0_65-b17)
# Java VM: Java HotSpot(TM) 64-Bit Server VM (25.65-b01 mixed mode windows-amd64 compressed oops)
Heap:
 PSYoungGen      total 195072K, used 116918K [0x0000000755580000, 0x0000000763280000, 0x00000007c0000000)
  eden space 175104K, 55% used [0x0000000755580000,0x000000075b434c38,0x0000000760080000)
  from space 19968K, 99% used [0x0000000761880000,0x0000000762bf8cf8,0x0000000762c00000)
  to   space 24576K, 0% used [0x0000000760080000,0x0000000760088000,0x0000000761880000)
 ParOldGen       total 100352K, used 34237K [0x0000000680000000, 0x0000000686200000, 0x0000000755580000)
  object space 100352K, 34% used [0x0000000680000000,0x000000068216f6c0,0x0000000686200000)
 Metaspace       used 54415K, capacity 55578K, committed 55808K, reserved 1097728K
  class space    used 7348K, capacity 7648K, committed 7680K, reserved 1048576K
GC Heap History (10 events):
Event: 5.270 GC heap before
{Heap before GC invocations=8 (full 1):
 PSYoungGen      total 105984K, used 105774K [0x0000000755580000, 0x000000075cc00000, 0x00000007c0000000)
  eden space 98816K, 99% used [0x0000000755580000,0x000000075b5e0218,0x000000075b600000)
  from space 7168K, 98% used [0x000000075c500000,0x000000075cbeb900,0x000000075cc00000)
  to   space 10752K, 0% used [0x000000075b700000,0x000000075b700000,0x000000075c180000)
 ParOldGen       total 62976K, used 10664K [0x0000000680000000, 0x0000000683d80000, 0x0000000755580000)
  object space 62976K, 16% used [0x0000000680000000,0x0000000680a6a268,0x0000000683d80000)
 Metaspace       used 34622K, capacity 35302K, committed 35456K, reserved 1079296K
  class space    used 4715K, capacity 4891K, committed 4992K, reserved 1048576K
Event: 5.280 GC heap after
Heap after GC invocations=8 (full 1):
 PSYoungGen      total 110592K, used 10738K [0x0000000755580000, 0x000000075fe80000, 0x00000007c0000000)
  eden space 99840K, 0% used [0x0000000755580000,0x0000000755580000,0x000000075b700000)
  from space 10752K, 99% used [0x000000075b700000,0x000000075c17ca98,0x000000075c180000)
  to   space 13824K, 0% used [0x000000075f100000,0x000000075f100000,0x000000075fe80000)
 ParOldGen       total 62976K, used 13849K [0x0000000680000000, 0x0000000683d80000, 0x0000000755580000)
  object space 62976K, 21% used [0x0000000680000000,0x0000000680d864c8,0x0000000683d80000)
 Metaspace       used 34622K, capacity 35302K, committed 35456K, reserved 1079296K
  class space    used 4715K, capacity 4891K, committed 4992K, reserved 1048576K
}
Event: 5.280 GC heap before
{Heap before GC invocations=9 (full 2):
 PSYoungGen      total 110592K, used 10738K [0x0000000755580000, 0x000000075fe80000, 0x00000007c0000000)
  eden space 99840K, 0% used [0x0000000755580000,0x0000000755580000,0x000000075b700000)
  from space 10752K, 99% used [0x000000075b700000,0x000000075c17ca98,0x000000075c180000)
  to   space 13824K, 0% used [0x000000075f100000,0x000000075f100000,0x000000075fe80000)
 ParOldGen       total 62976K, used 13849K [0x0000000680000000, 0x0000000683d80000, 0x0000000755580000)
  object space 62976K, 21% used [0x0000000680000000,0x0000000680d864c8,0x0000000683d80000)
 Metaspace       used 34622K, capacity 35302K, committed 35456K, reserved 1079296K
  class space    used 4715K, capacity 4891K, committed 4992K, reserved 1048576K
Event: 5.340 GC heap after
Heap after GC invocations=9 (full 2):
 PSYoungGen      total 110592K, used 0K [0x0000000755580000, 0x000000075fe80000, 0x00000007c0000000)
  eden space 99840K, 0% used [0x0000000755580000,0x0000000755580000,0x000000075b700000)
  from space 10752K, 0% used [0x000000075b700000,0x000000075b700000,0x000000075c180000)
  to   space 13824K, 0% used [0x000000075f100000,0x000000075f100000,0x000000075fe80000)
 ParOldGen       total 100352K, used 21517K [0x0000000680000000, 0x0000000686200000, 0x0000000755580000)
  object space 100352K, 21% used [0x0000000680000000,0x0000000681503470,0x0000000686200000)
 Metaspace       used 34622K, capacity 35302K, committed 35456K, reserved 1079296K
  class space    used 4715K, capacity 4891K, committed 4992K, reserved 1048576K
}
Event: 7.378 GC heap before
{Heap before GC invocations=10 (full 2):
 PSYoungGen      total 110592K, used 99840K [0x0000000755580000, 0x000000075fe80000, 0x00000007c0000000)
  eden space 99840K, 100% used [0x0000000755580000,0x000000075b700000,0x000000075b700000)
  from space 10752K, 0% used [0x000000075b700000,0x000000075b700000,0x000000075c180000)
  to   space 13824K, 0% used [0x000000075f100000,0x000000075f100000,0x000000075fe80000)
 ParOldGen       total 100352K, used 21517K [0x0000000680000000, 0x0000000686200000, 0x0000000755580000)
  object space 100352K, 21% used [0x0000000680000000,0x0000000681503470,0x0000000686200000)
 Metaspace       used 41322K, capacity 42162K, committed 42368K, reserved 1085440K
  class space    used 5738K, capacity 5932K, committed 6016K, reserved 1048576K
Event: 7.406 GC heap after
Heap after GC invocations=10 (full 2):
 PSYoungGen      total 158208K, used 11855K [0x0000000755580000, 0x0000000760080000, 0x00000007c0000000)
  eden space 144384K, 0% used [0x0000000755580000,0x0000000755580000,0x000000075e280000)
  from space 13824K, 85% used [0x000000075f100000,0x000000075fc93e80,0x000000075fe80000)
  to   space 14848K, 0% used [0x000000075e280000,0x000000075e280000,0x000000075f100000)
 ParOldGen       total 100352K, used 21525K [0x0000000680000000, 0x0000000686200000, 0x0000000755580000)
  object space 100352K, 21% used [0x0000000680000000,0x0000000681505470,0x0000000686200000)
 Metaspace       used 41322K, capacity 42162K, committed 42368K, reserved 1085440K
  class space    used 5738K, capacity 5932K, committed 6016K, reserved 1048576K
}
Event: 16.924 GC heap before
{Heap before GC invocations=11 (full 2):
 PSYoungGen      total 158208K, used 156239K [0x0000000755580000, 0x0000000760080000, 0x00000007c0000000)
  eden space 144384K, 100% used [0x0000000755580000,0x000000075e280000,0x000000075e280000)
  from space 13824K, 85% used [0x000000075f100000,0x000000075fc93e80,0x000000075fe80000)
  to   space 14848K, 0% used [0x000000075e280000,0x000000075e280000,0x000000075f100000)
 ParOldGen       total 100352K, used 21525K [0x0000000680000000, 0x0000000686200000, 0x0000000755580000)
  object space 100352K, 21% used [0x0000000680000000,0x0000000681505470,0x0000000686200000)
 Metaspace       used 46539K, capacity 47608K, committed 47744K, reserved 1089536K
  class space    used 6428K, capacity 6747K, committed 6784K, reserved 1048576K
Event: 16.962 GC heap after
Heap after GC invocations=11 (full 2):
 PSYoungGen      total 159232K, used 14826K [0x0000000755580000, 0x0000000762c00000, 0x00000007c0000000)
  eden space 144384K, 0% used [0x0000000755580000,0x0000000755580000,0x000000075e280000)
  from space 14848K, 99% used [0x000000075e280000,0x000000075f0fa958,0x000000075f100000)
  to   space 19968K, 0% used [0x0000000761880000,0x0000000761880000,0x0000000762c00000)
 ParOldGen       total 100352K, used 29716K [0x0000000680000000, 0x0000000686200000, 0x0000000755580000)
  object space 100352K, 29% used [0x0000000680000000,0x0000000681d052f0,0x0000000686200000)
 Metaspace       used 46539K, capacity 47608K, committed 47744K, reserved 1089536K
  class space    used 6428K, capacity 6747K, committed 6784K, reserved 1048576K
}
Event: 20.200 GC heap before
{Heap before GC invocations=12 (full 2):
 PSYoungGen      total 159232K, used 159210K [0x0000000755580000, 0x0000000762c00000, 0x00000007c0000000)
  eden space 144384K, 100% used [0x0000000755580000,0x000000075e280000,0x000000075e280000)
  from space 14848K, 99% used [0x000000075e280000,0x000000075f0fa958,0x000000075f100000)
  to   space 19968K, 0% used [0x0000000761880000,0x0000000761880000,0x0000000762c00000)
 ParOldGen       total 100352K, used 29716K [0x0000000680000000, 0x0000000686200000, 0x0000000755580000)
  object space 100352K, 29% used [0x0000000680000000,0x0000000681d052f0,0x0000000686200000)
 Metaspace       used 51906K, capacity 53092K, committed 53376K, reserved 1095680K
  class space    used 7118K, capacity 7447K, committed 7552K, reserved 1048576K
Event: 20.219 GC heap after
Heap after GC invocations=12 (full 2):
 PSYoungGen      total 195072K, used 19939K [0x0000000755580000, 0x0000000763280000, 0x00000007c0000000)
  eden space 175104K, 0% used [0x0000000755580000,0x0000000755580000,0x0000000760080000)
  from space 19968K, 99% used [0x0000000761880000,0x0000000762bf8cf8,0x0000000762c00000)
  to   space 24576K, 0% used [0x0000000760080000,0x0000000760080000,0x0000000761880000)
 ParOldGen       total 100352K, used 34237K [0x0000000680000000, 0x0000000686200000, 0x0000000755580000)
  object space 100352K, 34% used [0x0000000680000000,0x000000068216f6c0,0x0000000686200000)
 Metaspace       used 51906K, capacity 53092K, committed 53376K, reserved 1095680K
  class space    used 7118K, capacity 7447K, committed 7552K, reserved 1048576K
}

