# JRE version: Java(TM) SE Runtime Environment (8.0_65-b17) (build 1.8.0_65-b17)
# Java VM: Java HotSpot(TM) 64-Bit Server VM (25.65-b01 mixed mode windows-amd64 compressed oops)
Heap:
 PSYoungGen      total 290304K, used 38513K [0x000000076ab00000, 0x000000077ee00000, 0x00000007c0000000)
  eden space 262144K, 3% used [0x000000076ab00000,0x000000076b522260,0x000000077ab00000)
  from space 28160K, 99% used [0x000000077ca80000,0x000000077e5fa290,0x000000077e600000)
  to   space 32256K, 0% used [0x000000077ab00000,0x000000077ab00000,0x000000077ca80000)
 ParOldGen       total 163328K, used 108838K [0x00000006c0000000, 0x00000006c9f80000, 0x000000076ab00000)
  object space 163328K, 66% used [0x00000006c0000000,0x00000006c6a49a10,0x00000006c9f80000)
 Metaspace       used 6478K, capacity 7192K, committed 7424K, reserved 1056768K
  class space    used 620K, capacity 656K, committed 768K, reserved 1048576K
GC Heap History (10 events):
Event: 2.504 GC heap before
{Heap before GC invocations=5 (full 0):
 PSYoungGen      total 138240K, used 138233K [0x000000076ab00000, 0x0000000773700000, 0x00000007c0000000)
  eden space 133120K, 100% used [0x000000076ab00000,0x0000000772d00000,0x0000000772d00000)
  from space 5120K, 99% used [0x0000000773200000,0x00000007736fe690,0x0000000773700000)
  to   space 5120K, 0% used [0x0000000772d00000,0x0000000772d00000,0x0000000773200000)
 ParOldGen       total 87552K, used 20078K [0x00000006c0000000, 0x00000006c5580000, 0x000000076ab00000)
  object space 87552K, 22% used [0x00000006c0000000,0x00000006c139b838,0x00000006c5580000)
 Metaspace       used 6247K, capacity 7128K, committed 7424K, reserved 1056768K
  class space    used 619K, capacity 656K, committed 768K, reserved 1048576K
Event: 2.598 GC heap after
Heap after GC invocations=5 (full 0):
 PSYoungGen      total 138240K, used 5110K [0x000000076ab00000, 0x000000077e600000, 0x00000007c0000000)
  eden space 133120K, 0% used [0x000000076ab00000,0x000000076ab00000,0x0000000772d00000)
  from space 5120K, 99% used [0x0000000772d00000,0x00000007731fd868,0x0000000773200000)
  to   space 28160K, 0% used [0x000000077ca80000,0x000000077ca80000,0x000000077e600000)
 ParOldGen       total 87552K, used 40152K [0x00000006c0000000, 0x00000006c5580000, 0x000000076ab00000)
  object space 87552K, 45% used [0x00000006c0000000,0x00000006c27361e0,0x00000006c5580000)
 Metaspace       used 6247K, capacity 7128K, committed 7424K, reserved 1056768K
  class space    used 619K, capacity 656K, committed 768K, reserved 1048576K
}
Event: 4.656 GC heap before
{Heap before GC invocations=6 (full 0):
 PSYoungGen      total 138240K, used 138230K [0x000000076ab00000, 0x000000077e600000, 0x00000007c0000000)
  eden space 133120K, 100% used [0x000000076ab00000,0x0000000772d00000,0x0000000772d00000)
  from space 5120K, 99% used [0x0000000772d00000,0x00000007731fd868,0x0000000773200000)
  to   space 28160K, 0% used [0x000000077ca80000,0x000000077ca80000,0x000000077e600000)
 ParOldGen       total 87552K, used 40152K [0x00000006c0000000, 0x00000006c5580000, 0x000000076ab00000)
  object space 87552K, 45% used [0x00000006c0000000,0x00000006c27361e0,0x00000006c5580000)
 Metaspace       used 6343K, capacity 7128K, committed 7424K, reserved 1056768K
  class space    used 619K, capacity 656K, committed 768K, reserved 1048576K
Event: 4.800 GC heap after
Heap after GC invocations=6 (full 0):
 PSYoungGen      total 290304K, used 24089K [0x000000076ab00000, 0x000000077ee00000, 0x00000007c0000000)
  eden space 262144K, 0% used [0x000000076ab00000,0x000000076ab00000,0x000000077ab00000)
  from space 28160K, 85% used [0x000000077ca80000,0x000000077e2067a8,0x000000077e600000)
  to   space 32256K, 0% used [0x000000077ab00000,0x000000077ab00000,0x000000077ca80000)
 ParOldGen       total 87552K, used 40160K [0x00000006c0000000, 0x00000006c5580000, 0x000000076ab00000)
  object space 87552K, 45% used [0x00000006c0000000,0x00000006c27381e0,0x00000006c5580000)
 Metaspace       used 6343K, capacity 7128K, committed 7424K, reserved 1056768K
  class space    used 619K, capacity 656K, committed 768K, reserved 1048576K
}
Event: 7.585 GC heap before
{Heap before GC invocations=7 (full 0):
 PSYoungGen      total 290304K, used 286233K [0x000000076ab00000, 0x000000077ee00000, 0x00000007c0000000)
  eden space 262144K, 100% used [0x000000076ab00000,0x000000077ab00000,0x000000077ab00000)
  from space 28160K, 85% used [0x000000077ca80000,0x000000077e2067a8,0x000000077e600000)
  to   space 32256K, 0% used [0x000000077ab00000,0x000000077ab00000,0x000000077ca80000)
 ParOldGen       total 87552K, used 40160K [0x00000006c0000000, 0x00000006c5580000, 0x000000076ab00000)
  object space 87552K, 45% used [0x00000006c0000000,0x00000006c27381e0,0x00000006c5580000)
 Metaspace       used 6418K, capacity 7192K, committed 7424K, reserved 1056768K
  class space    used 620K, capacity 656K, committed 768K, reserved 1048576K
Event: 7.930 GC heap after
Heap after GC invocations=7 (full 0):
 PSYoungGen      total 294400K, used 32240K [0x000000076ab00000, 0x000000077ee00000, 0x00000007c0000000)
  eden space 262144K, 0% used [0x000000076ab00000,0x000000076ab00000,0x000000077ab00000)
  from space 32256K, 99% used [0x000000077ab00000,0x000000077ca7c2a8,0x000000077ca80000)
  to   space 28160K, 0% used [0x000000077ca80000,0x000000077ca80000,0x000000077e600000)
 ParOldGen       total 87552K, used 68402K [0x00000006c0000000, 0x00000006c5580000, 0x000000076ab00000)
  object space 87552K, 78% used [0x00000006c0000000,0x00000006c42cc8f8,0x00000006c5580000)
 Metaspace       used 6418K, capacity 7192K, committed 7424K, reserved 1056768K
  class space    used 620K, capacity 656K, committed 768K, reserved 1048576K
}
Event: 7.930 GC heap before
{Heap before GC invocations=8 (full 1):
 PSYoungGen      total 294400K, used 32240K [0x000000076ab00000, 0x000000077ee00000, 0x00000007c0000000)
  eden space 262144K, 0% used [0x000000076ab00000,0x000000076ab00000,0x000000077ab00000)
  from space 32256K, 99% used [0x000000077ab00000,0x000000077ca7c2a8,0x000000077ca80000)
  to   space 28160K, 0% used [0x000000077ca80000,0x000000077ca80000,0x000000077e600000)
 ParOldGen       total 87552K, used 68402K [0x00000006c0000000, 0x00000006c5580000, 0x000000076ab00000)
  object space 87552K, 78% used [0x00000006c0000000,0x00000006c42cc8f8,0x00000006c5580000)
 Metaspace       used 6418K, capacity 7192K, committed 7424K, reserved 1056768K
  class space    used 620K, capacity 656K, committed 768K, reserved 1048576K
Event: 8.589 GC heap after
Heap after GC invocations=8 (full 1):
 PSYoungGen      total 294400K, used 9660K [0x000000076ab00000, 0x000000077ee00000, 0x00000007c0000000)
  eden space 262144K, 0% used [0x000000076ab00000,0x000000076ab00000,0x000000077ab00000)
  from space 32256K, 29% used [0x000000077ab00000,0x000000077b46f368,0x000000077ca80000)
  to   space 28160K, 0% used [0x000000077ca80000,0x000000077ca80000,0x000000077e600000)
 ParOldGen       total 163328K, used 87288K [0x00000006c0000000, 0x00000006c9f80000, 0x000000076ab00000)
  object space 163328K, 53% used [0x00000006c0000000,0x00000006c553e190,0x00000006c9f80000)
 Metaspace       used 6418K, capacity 7192K, committed 7424K, reserved 1056768K
  class space    used 620K, capacity 656K, committed 768K, reserved 1048576K
}
Event: 9.143 GC heap before
{Heap before GC invocations=9 (full 1):
 PSYoungGen      total 294400K, used 271804K [0x000000076ab00000, 0x000000077ee00000, 0x00000007c0000000)
  eden space 262144K, 100% used [0x000000076ab00000,0x000000077ab00000,0x000000077ab00000)
  from space 32256K, 29% used [0x000000077ab00000,0x000000077b46f368,0x000000077ca80000)
  to   space 28160K, 0% used [0x000000077ca80000,0x000000077ca80000,0x000000077e600000)
 ParOldGen       total 163328K, used 87288K [0x00000006c0000000, 0x00000006c9f80000, 0x000000076ab00000)
  object space 163328K, 53% used [0x00000006c0000000,0x00000006c553e190,0x00000006c9f80000)
 Metaspace       used 6476K, capacity 7192K, committed 7424K, reserved 1056768K
  class space    used 620K, capacity 656K, committed 768K, reserved 1048576K
Event: 9.358 GC heap after
Heap after GC invocations=9 (full 1):
 PSYoungGen      total 290304K, used 28136K [0x000000076ab00000, 0x000000077ee00000, 0x00000007c0000000)
  eden space 262144K, 0% used [0x000000076ab00000,0x000000076ab00000,0x000000077ab00000)
  from space 28160K, 99% used [0x000000077ca80000,0x000000077e5fa290,0x000000077e600000)
  to   space 32256K, 0% used [0x000000077ab00000,0x000000077ab00000,0x000000077ca80000)
 ParOldGen       total 163328K, used 108838K [0x00000006c0000000, 0x00000006c9f80000, 0x000000076ab00000)
  object space 163328K, 66% used [0x00000006c0000000,0x00000006c6a49a10,0x00000006c9f80000)
 Metaspace       used 6476K, capacity 7192K, committed 7424K, reserved 1056768K
  class space    used 620K, capacity 656K, committed 768K, reserved 1048576K
}

