# JRE version: Java(TM) SE Runtime Environment (8.0_65-b17) (build 1.8.0_65-b17)
# Java VM: Java HotSpot(TM) 64-Bit Server VM (25.65-b01 mixed mode windows-amd64 compressed oops)
Heap:
 PSYoungGen      total 494592K, used 73006K [0x000000076ab00000, 0x0000000790c00000, 0x00000007c0000000)
  eden space 434176K, 10% used [0x000000076ab00000,0x000000076d805d20,0x0000000785300000)
  from space 60416K, 44% used [0x0000000789600000,0x000000078b045d78,0x000000078d100000)
  to   space 47104K, 0% used [0x000000078de00000,0x000000078de00000,0x0000000790c00000)
 ParOldGen       total 160256K, used 159981K [0x00000006c0000000, 0x00000006c9c80000, 0x000000076ab00000)
  object space 160256K, 99% used [0x00000006c0000000,0x00000006c9c3b780,0x00000006c9c80000)
 Metaspace       used 6860K, capacity 7512K, committed 7680K, reserved 1056768K
  class space    used 639K, capacity 656K, committed 768K, reserved 1048576K
GC Heap History (10 events):
Event: 13.392 GC heap before
{Heap before GC invocations=7 (full 0):
 PSYoungGen      total 289280K, used 287144K [0x000000076ab00000, 0x000000077ee00000, 0x00000007c0000000)
  eden space 261632K, 100% used [0x000000076ab00000,0x000000077aa80000,0x000000077aa80000)
  from space 27648K, 92% used [0x000000077ca00000,0x000000077e2ea3d0,0x000000077e500000)
  to   space 32256K, 0% used [0x000000077aa80000,0x000000077aa80000,0x000000077ca00000)
 ParOldGen       total 87552K, used 39198K [0x00000006c0000000, 0x00000006c5580000, 0x000000076ab00000)
  object space 87552K, 44% used [0x00000006c0000000,0x00000006c2647a78,0x00000006c5580000)
 Metaspace       used 6491K, capacity 7256K, committed 7424K, reserved 1056768K
  class space    used 620K, capacity 656K, committed 768K, reserved 1048576K
Event: 13.568 GC heap after
Heap after GC invocations=7 (full 0):
 PSYoungGen      total 293888K, used 32236K [0x000000076ab00000, 0x0000000791200000, 0x00000007c0000000)
  eden space 261632K, 0% used [0x000000076ab00000,0x000000076ab00000,0x000000077aa80000)
  from space 32256K, 99% used [0x000000077aa80000,0x000000077c9fb378,0x000000077ca00000)
  to   space 53248K, 0% used [0x000000078de00000,0x000000078de00000,0x0000000791200000)
 ParOldGen       total 87552K, used 67991K [0x00000006c0000000, 0x00000006c5580000, 0x000000076ab00000)
  object space 87552K, 77% used [0x00000006c0000000,0x00000006c4265d70,0x00000006c5580000)
 Metaspace       used 6491K, capacity 7256K, committed 7424K, reserved 1056768K
  class space    used 620K, capacity 656K, committed 768K, reserved 1048576K
}
Event: 13.568 GC heap before
{Heap before GC invocations=8 (full 1):
 PSYoungGen      total 293888K, used 32236K [0x000000076ab00000, 0x0000000791200000, 0x00000007c0000000)
  eden space 261632K, 0% used [0x000000076ab00000,0x000000076ab00000,0x000000077aa80000)
  from space 32256K, 99% used [0x000000077aa80000,0x000000077c9fb378,0x000000077ca00000)
  to   space 53248K, 0% used [0x000000078de00000,0x000000078de00000,0x0000000791200000)
 ParOldGen       total 87552K, used 67991K [0x00000006c0000000, 0x00000006c5580000, 0x000000076ab00000)
  object space 87552K, 77% used [0x00000006c0000000,0x00000006c4265d70,0x00000006c5580000)
 Metaspace       used 6491K, capacity 7256K, committed 7424K, reserved 1056768K
  class space    used 620K, capacity 656K, committed 768K, reserved 1048576K
Event: 14.483 GC heap after
Heap after GC invocations=8 (full 1):
 PSYoungGen      total 293888K, used 8627K [0x000000076ab00000, 0x0000000791200000, 0x00000007c0000000)
  eden space 261632K, 0% used [0x000000076ab00000,0x000000076ab00000,0x000000077aa80000)
  from space 32256K, 26% used [0x000000077aa80000,0x000000077b2ecc18,0x000000077ca00000)
  to   space 53248K, 0% used [0x000000078de00000,0x000000078de00000,0x0000000791200000)
 ParOldGen       total 160256K, used 87528K [0x00000006c0000000, 0x00000006c9c80000, 0x000000076ab00000)
  object space 160256K, 54% used [0x00000006c0000000,0x00000006c557a368,0x00000006c9c80000)
 Metaspace       used 6491K, capacity 7256K, committed 7424K, reserved 1056768K
  class space    used 620K, capacity 656K, committed 768K, reserved 1048576K
}
Event: 18.156 GC heap before
{Heap before GC invocations=9 (full 1):
 PSYoungGen      total 293888K, used 270259K [0x000000076ab00000, 0x0000000791200000, 0x00000007c0000000)
  eden space 261632K, 100% used [0x000000076ab00000,0x000000077aa80000,0x000000077aa80000)
  from space 32256K, 26% used [0x000000077aa80000,0x000000077b2ecc18,0x000000077ca00000)
  to   space 53248K, 0% used [0x000000078de00000,0x000000078de00000,0x0000000791200000)
 ParOldGen       total 160256K, used 87528K [0x00000006c0000000, 0x00000006c9c80000, 0x000000076ab00000)
  object space 160256K, 54% used [0x00000006c0000000,0x00000006c557a368,0x00000006c9c80000)
 Metaspace       used 6502K, capacity 7256K, committed 7424K, reserved 1056768K
  class space    used 620K, capacity 656K, committed 768K, reserved 1048576K
Event: 18.256 GC heap after
Heap after GC invocations=9 (full 1):
 PSYoungGen      total 481280K, used 46732K [0x000000076ab00000, 0x0000000790c00000, 0x00000007c0000000)
  eden space 434176K, 0% used [0x000000076ab00000,0x000000076ab00000,0x0000000785300000)
  from space 47104K, 99% used [0x000000078de00000,0x0000000790ba33d0,0x0000000790c00000)
  to   space 60416K, 0% used [0x0000000789600000,0x0000000789600000,0x000000078d100000)
 ParOldGen       total 160256K, used 87792K [0x00000006c0000000, 0x00000006c9c80000, 0x000000076ab00000)
  object space 160256K, 54% used [0x00000006c0000000,0x00000006c55bc368,0x00000006c9c80000)
 Metaspace       used 6502K, capacity 7256K, committed 7424K, reserved 1056768K
  class space    used 620K, capacity 656K, committed 768K, reserved 1048576K
}
Event: 20.506 GC heap before
{Heap before GC invocations=10 (full 1):
 PSYoungGen      total 481280K, used 480908K [0x000000076ab00000, 0x0000000790c00000, 0x00000007c0000000)
  eden space 434176K, 100% used [0x000000076ab00000,0x0000000785300000,0x0000000785300000)
  from space 47104K, 99% used [0x000000078de00000,0x0000000790ba33d0,0x0000000790c00000)
  to   space 60416K, 0% used [0x0000000789600000,0x0000000789600000,0x000000078d100000)
 ParOldGen       total 160256K, used 87792K [0x00000006c0000000, 0x00000006c9c80000, 0x000000076ab00000)
  object space 160256K, 54% used [0x00000006c0000000,0x00000006c55bc368,0x00000006c9c80000)
 Metaspace       used 6542K, capacity 7256K, committed 7424K, reserved 1056768K
  class space    used 622K, capacity 656K, committed 768K, reserved 1048576K
Event: 21.483 GC heap after
Heap after GC invocations=10 (full 1):
 PSYoungGen      total 494592K, used 60409K [0x000000076ab00000, 0x0000000790c00000, 0x00000007c0000000)
  eden space 434176K, 0% used [0x000000076ab00000,0x000000076ab00000,0x0000000785300000)
  from space 60416K, 99% used [0x0000000789600000,0x000000078d0fe470,0x000000078d100000)
  to   space 47104K, 0% used [0x000000078de00000,0x000000078de00000,0x0000000790c00000)
 ParOldGen       total 160256K, used 130705K [0x00000006c0000000, 0x00000006c9c80000, 0x000000076ab00000)
  object space 160256K, 81% used [0x00000006c0000000,0x00000006c7fa4538,0x00000006c9c80000)
 Metaspace       used 6542K, capacity 7256K, committed 7424K, reserved 1056768K
  class space    used 622K, capacity 656K, committed 768K, reserved 1048576K
}
Event: 21.483 GC heap before
{Heap before GC invocations=11 (full 2):
 PSYoungGen      total 494592K, used 60409K [0x000000076ab00000, 0x0000000790c00000, 0x00000007c0000000)
  eden space 434176K, 0% used [0x000000076ab00000,0x000000076ab00000,0x0000000785300000)
  from space 60416K, 99% used [0x0000000789600000,0x000000078d0fe470,0x000000078d100000)
  to   space 47104K, 0% used [0x000000078de00000,0x000000078de00000,0x0000000790c00000)
 ParOldGen       total 160256K, used 130705K [0x00000006c0000000, 0x00000006c9c80000, 0x000000076ab00000)
  object space 160256K, 81% used [0x00000006c0000000,0x00000006c7fa4538,0x00000006c9c80000)
 Metaspace       used 6542K, capacity 7256K, committed 7424K, reserved 1056768K
  class space    used 622K, capacity 656K, committed 768K, reserved 1048576K
Event: 22.552 GC heap after
Heap after GC invocations=11 (full 2):
 PSYoungGen      total 494592K, used 26903K [0x000000076ab00000, 0x0000000790c00000, 0x00000007c0000000)
  eden space 434176K, 0% used [0x000000076ab00000,0x000000076ab00000,0x0000000785300000)
  from space 60416K, 44% used [0x0000000789600000,0x000000078b045d78,0x000000078d100000)
  to   space 47104K, 0% used [0x000000078de00000,0x000000078de00000,0x0000000790c00000)
 ParOldGen       total 160256K, used 159981K [0x00000006c0000000, 0x00000006c9c80000, 0x000000076ab00000)
  object space 160256K, 99% used [0x00000006c0000000,0x00000006c9c3b780,0x00000006c9c80000)
 Metaspace       used 6542K, capacity 7256K, committed 7424K, reserved 1056768K
  class space    used 622K, capacity 656K, committed 768K, reserved 1048576K
}

