# JRE version: Java(TM) SE Runtime Environment (8.0_65-b17) (build 1.8.0_65-b17)
# Java VM: Java HotSpot(TM) 64-Bit Server VM (25.65-b01 mixed mode windows-amd64 compressed oops)
Heap:
 PSYoungGen      total 558080K, used 72368K [0x000000076ab00000, 0x0000000796000000, 0x00000007c0000000)
  eden space 501760K, 10% used [0x000000076ab00000,0x000000076ded7b98,0x0000000789500000)
  from space 56320K, 34% used [0x0000000789500000,0x000000078a7d44c0,0x000000078cc00000)
  to   space 82944K, 0% used [0x0000000790f00000,0x0000000790f00000,0x0000000796000000)
 ParOldGen       total 163840K, used 163412K [0x00000006c0000000, 0x00000006ca000000, 0x000000076ab00000)
  object space 163840K, 99% used [0x00000006c0000000,0x00000006c9f951d8,0x00000006ca000000)
 Metaspace       used 6637K, capacity 7320K, committed 7680K, reserved 1056768K
  class space    used 627K, capacity 656K, committed 768K, reserved 1048576K
GC Heap History (10 events):
Event: 14.808 GC heap before
{Heap before GC invocations=7 (full 0):
 PSYoungGen      total 288256K, used 285931K [0x000000076ab00000, 0x000000077ec00000, 0x00000007c0000000)
  eden space 261632K, 100% used [0x000000076ab00000,0x000000077aa80000,0x000000077aa80000)
  from space 26624K, 91% used [0x000000077c900000,0x000000077e0bafa0,0x000000077e300000)
  to   space 31232K, 0% used [0x000000077aa80000,0x000000077aa80000,0x000000077c900000)
 ParOldGen       total 87552K, used 37637K [0x00000006c0000000, 0x00000006c5580000, 0x000000076ab00000)
  object space 87552K, 42% used [0x00000006c0000000,0x00000006c24c14f8,0x00000006c5580000)
 Metaspace       used 6494K, capacity 7256K, committed 7424K, reserved 1056768K
  class space    used 619K, capacity 656K, committed 768K, reserved 1048576K
Event: 14.964 GC heap after
Heap after GC invocations=7 (full 0):
 PSYoungGen      total 292864K, used 31229K [0x000000076ab00000, 0x0000000790f00000, 0x00000007c0000000)
  eden space 261632K, 0% used [0x000000076ab00000,0x000000076ab00000,0x000000077aa80000)
  from space 31232K, 99% used [0x000000077aa80000,0x000000077c8ff438,0x000000077c900000)
  to   space 51712K, 0% used [0x000000078dc80000,0x000000078dc80000,0x0000000790f00000)
 ParOldGen       total 87552K, used 66344K [0x00000006c0000000, 0x00000006c5580000, 0x000000076ab00000)
  object space 87552K, 75% used [0x00000006c0000000,0x00000006c40ca060,0x00000006c5580000)
 Metaspace       used 6494K, capacity 7256K, committed 7424K, reserved 1056768K
  class space    used 619K, capacity 656K, committed 768K, reserved 1048576K
}
Event: 14.964 GC heap before
{Heap before GC invocations=8 (full 1):
 PSYoungGen      total 292864K, used 31229K [0x000000076ab00000, 0x0000000790f00000, 0x00000007c0000000)
  eden space 261632K, 0% used [0x000000076ab00000,0x000000076ab00000,0x000000077aa80000)
  from space 31232K, 99% used [0x000000077aa80000,0x000000077c8ff438,0x000000077c900000)
  to   space 51712K, 0% used [0x000000078dc80000,0x000000078dc80000,0x0000000790f00000)
 ParOldGen       total 87552K, used 66344K [0x00000006c0000000, 0x00000006c5580000, 0x000000076ab00000)
  object space 87552K, 75% used [0x00000006c0000000,0x00000006c40ca060,0x00000006c5580000)
 Metaspace       used 6494K, capacity 7256K, committed 7424K, reserved 1056768K
  class space    used 619K, capacity 656K, committed 768K, reserved 1048576K
Event: 16.023 GC heap after
Heap after GC invocations=8 (full 1):
 PSYoungGen      total 292864K, used 6626K [0x000000076ab00000, 0x0000000790f00000, 0x00000007c0000000)
  eden space 261632K, 0% used [0x000000076ab00000,0x000000076ab00000,0x000000077aa80000)
  from space 31232K, 21% used [0x000000077aa80000,0x000000077b0f8980,0x000000077c900000)
  to   space 51712K, 0% used [0x000000078dc80000,0x000000078dc80000,0x0000000790f00000)
 ParOldGen       total 163840K, used 87461K [0x00000006c0000000, 0x00000006ca000000, 0x000000076ab00000)
  object space 163840K, 53% used [0x00000006c0000000,0x00000006c5569768,0x00000006ca000000)
 Metaspace       used 6494K, capacity 7256K, committed 7424K, reserved 1056768K
  class space    used 619K, capacity 656K, committed 768K, reserved 1048576K
}
Event: 18.117 GC heap before
{Heap before GC invocations=9 (full 1):
 PSYoungGen      total 292864K, used 268258K [0x000000076ab00000, 0x0000000790f00000, 0x00000007c0000000)
  eden space 261632K, 100% used [0x000000076ab00000,0x000000077aa80000,0x000000077aa80000)
  from space 31232K, 21% used [0x000000077aa80000,0x000000077b0f8980,0x000000077c900000)
  to   space 51712K, 0% used [0x000000078dc80000,0x000000078dc80000,0x0000000790f00000)
 ParOldGen       total 163840K, used 87461K [0x00000006c0000000, 0x00000006ca000000, 0x000000076ab00000)
  object space 163840K, 53% used [0x00000006c0000000,0x00000006c5569768,0x00000006ca000000)
 Metaspace       used 6508K, capacity 7256K, committed 7424K, reserved 1056768K
  class space    used 620K, capacity 656K, committed 768K, reserved 1048576K
Event: 18.287 GC heap after
Heap after GC invocations=9 (full 1):
 PSYoungGen      total 452096K, used 39104K [0x000000076ab00000, 0x0000000790300000, 0x00000007c0000000)
  eden space 412672K, 0% used [0x000000076ab00000,0x000000076ab00000,0x0000000783e00000)
  from space 39424K, 99% used [0x000000078dc80000,0x00000007902b01e8,0x0000000790300000)
  to   space 56320K, 0% used [0x0000000789500000,0x0000000789500000,0x000000078cc00000)
 ParOldGen       total 163840K, used 87461K [0x00000006c0000000, 0x00000006ca000000, 0x000000076ab00000)
  object space 163840K, 53% used [0x00000006c0000000,0x00000006c5569768,0x00000006ca000000)
 Metaspace       used 6508K, capacity 7256K, committed 7424K, reserved 1056768K
  class space    used 620K, capacity 656K, committed 768K, reserved 1048576K
}
Event: 26.574 GC heap before
{Heap before GC invocations=10 (full 1):
 PSYoungGen      total 452096K, used 451776K [0x000000076ab00000, 0x0000000790300000, 0x00000007c0000000)
  eden space 412672K, 100% used [0x000000076ab00000,0x0000000783e00000,0x0000000783e00000)
  from space 39424K, 99% used [0x000000078dc80000,0x00000007902b01e8,0x0000000790300000)
  to   space 56320K, 0% used [0x0000000789500000,0x0000000789500000,0x000000078cc00000)
 ParOldGen       total 163840K, used 87461K [0x00000006c0000000, 0x00000006ca000000, 0x000000076ab00000)
  object space 163840K, 53% used [0x00000006c0000000,0x00000006c5569768,0x00000006ca000000)
 Metaspace       used 6538K, capacity 7256K, committed 7424K, reserved 1056768K
  class space    used 620K, capacity 656K, committed 768K, reserved 1048576K
Event: 26.796 GC heap after
Heap after GC invocations=10 (full 1):
 PSYoungGen      total 558080K, used 56309K [0x000000076ab00000, 0x0000000796000000, 0x00000007c0000000)
  eden space 501760K, 0% used [0x000000076ab00000,0x000000076ab00000,0x0000000789500000)
  from space 56320K, 99% used [0x0000000789500000,0x000000078cbfd510,0x000000078cc00000)
  to   space 82944K, 0% used [0x0000000790f00000,0x0000000790f00000,0x0000000796000000)
 ParOldGen       total 163840K, used 129657K [0x00000006c0000000, 0x00000006ca000000, 0x000000076ab00000)
  object space 163840K, 79% used [0x00000006c0000000,0x00000006c7e9e500,0x00000006ca000000)
 Metaspace       used 6538K, capacity 7256K, committed 7424K, reserved 1056768K
  class space    used 620K, capacity 656K, committed 768K, reserved 1048576K
}
Event: 26.796 GC heap before
{Heap before GC invocations=11 (full 2):
 PSYoungGen      total 558080K, used 56309K [0x000000076ab00000, 0x0000000796000000, 0x00000007c0000000)
  eden space 501760K, 0% used [0x000000076ab00000,0x000000076ab00000,0x0000000789500000)
  from space 56320K, 99% used [0x0000000789500000,0x000000078cbfd510,0x000000078cc00000)
  to   space 82944K, 0% used [0x0000000790f00000,0x0000000790f00000,0x0000000796000000)
 ParOldGen       total 163840K, used 129657K [0x00000006c0000000, 0x00000006ca000000, 0x000000076ab00000)
  object space 163840K, 79% used [0x00000006c0000000,0x00000006c7e9e500,0x00000006ca000000)
 Metaspace       used 6538K, capacity 7256K, committed 7424K, reserved 1056768K
  class space    used 620K, capacity 656K, committed 768K, reserved 1048576K
Event: 27.566 GC heap after
Heap after GC invocations=11 (full 2):
 PSYoungGen      total 558080K, used 19281K [0x000000076ab00000, 0x0000000796000000, 0x00000007c0000000)
  eden space 501760K, 0% used [0x000000076ab00000,0x000000076ab00000,0x0000000789500000)
  from space 56320K, 34% used [0x0000000789500000,0x000000078a7d44c0,0x000000078cc00000)
  to   space 82944K, 0% used [0x0000000790f00000,0x0000000790f00000,0x0000000796000000)
 ParOldGen       total 163840K, used 163412K [0x00000006c0000000, 0x00000006ca000000, 0x000000076ab00000)
  object space 163840K, 99% used [0x00000006c0000000,0x00000006c9f951d8,0x00000006ca000000)
 Metaspace       used 6538K, capacity 7256K, committed 7424K, reserved 1056768K
  class space    used 620K, capacity 656K, committed 768K, reserved 1048576K
}

